<?xml version="1.0" encoding="UTF-8"?>
<!-- Generated by org.testng.reporters.JUnitReportReporter -->
<testsuite hostname="binsonPc" failures="0" tests="1" name="Test.TC_01_AddCustomersTest" time="2.577" errors="0" timestamp="2021-05-01T11:28:02 EDT" skipped="0">
  <testcase classname="Test.TC_01_AddCustomersTest" name="AddCust" time="2.577"/>
  <system-out/>
</testsuite> <!-- Test.TC_01_AddCustomersTest -->
