<?xml version="1.0" encoding="UTF-8"?>
<!-- Generated by org.testng.reporters.JUnitReportReporter -->
<testsuite hostname="binsonPc" failures="0" tests="4" name="Test.TC_02_LoginTest" time="3.183" errors="0" timestamp="2021-05-17T20:47:16 EDT" skipped="0">
  <testcase classname="Test.TC_02_LoginTest" name="getTitle" time="1.273"/>
  <system-out/>
  <testcase classname="Test.TC_02_LoginTest" name="LogoVerification" time="0.811"/>
  <system-out/>
  <testcase classname="Test.TC_02_LoginTest" name="btnClickable" time="0.324"/>
  <system-out/>
  <testcase classname="Test.TC_02_LoginTest" name="display" time="0.775"/>
  <system-out/>
</testsuite> <!-- Test.TC_02_LoginTest -->
