<?xml version="1.0" encoding="UTF-8"?>
<!-- Generated by org.testng.reporters.JUnitReportReporter -->
<testsuite hostname="binsonPc" failures="0" tests="4" name="Test.TC_02_LoginTest" time="3.039" errors="0" timestamp="2021-05-01T11:28:02 EDT" skipped="0">
  <testcase classname="Test.TC_02_LoginTest" name="getTitle" time="1.251"/>
  <system-out/>
  <testcase classname="Test.TC_02_LoginTest" name="LogoVerification" time="0.756"/>
  <system-out/>
  <testcase classname="Test.TC_02_LoginTest" name="btnClickable" time="0.245"/>
  <system-out/>
  <testcase classname="Test.TC_02_LoginTest" name="display" time="0.787"/>
  <system-out/>
</testsuite> <!-- Test.TC_02_LoginTest -->
