<?xml version="1.0" encoding="UTF-8"?>
<!-- Generated by org.testng.reporters.JUnitReportReporter -->
<testsuite hostname="binsonPc" failures="0" tests="1" name="Test.TC_04_Deposits" time="1.981" errors="0" timestamp="2021-05-17T20:47:16 EDT" skipped="0">
  <testcase classname="Test.TC_04_Deposits" name="addDeposit" time="1.981"/>
  <system-out/>
</testsuite> <!-- Test.TC_04_Deposits -->
