<?xml version="1.0" encoding="UTF-8"?>
<!-- Generated by org.testng.reporters.JUnitReportReporter -->
<testsuite hostname="binsonPc" failures="0" tests="4" name="Test.TC_03_LogIn_TestDD" time="31.450" errors="0" timestamp="2021-05-04T16:14:37 EDT" skipped="0">
  <testcase classname="Test.TC_03_LogIn_TestDD" name="loginDDT" time="9.393"/>
  <system-out/>
  <testcase classname="Test.TC_03_LogIn_TestDD" name="loginDDT" time="7.049"/>
  <system-out/>
  <testcase classname="Test.TC_03_LogIn_TestDD" name="loginDDT" time="7.329"/>
  <system-out/>
  <testcase classname="Test.TC_03_LogIn_TestDD" name="loginDDT" time="7.679"/>
  <system-out/>
</testsuite> <!-- Test.TC_03_LogIn_TestDD -->
