<?xml version="1.0" encoding="UTF-8"?>
<!-- Generated by org.testng.reporters.JUnitReportReporter -->
<testsuite hostname="binsonPc" failures="0" tests="4" name="Test.TC_03_LogIn_TestDD" time="18.432" errors="0" timestamp="2021-05-01T11:28:02 EDT" skipped="0">
  <testcase classname="Test.TC_03_LogIn_TestDD" name="loginDDT" time="4.627"/>
  <system-out/>
  <testcase classname="Test.TC_03_LogIn_TestDD" name="loginDDT" time="4.508"/>
  <system-out/>
  <testcase classname="Test.TC_03_LogIn_TestDD" name="loginDDT" time="4.389"/>
  <system-out/>
  <testcase classname="Test.TC_03_LogIn_TestDD" name="loginDDT" time="4.908"/>
  <system-out/>
</testsuite> <!-- Test.TC_03_LogIn_TestDD -->
