<?xml version="1.0" encoding="UTF-8"?>
<!-- Generated by org.testng.reporters.JUnitReportReporter -->
<testsuite hostname="binsonPc" failures="0" tests="4" name="Test.LogIn_TestDD_001" time="17.666" errors="0" timestamp="2021-04-30T13:57:49 EDT" skipped="0">
  <testcase classname="Test.LogIn_TestDD_001" name="loginDDT" time="4.849"/>
  <system-out/>
  <testcase classname="Test.LogIn_TestDD_001" name="loginDDT" time="4.232"/>
  <system-out/>
  <testcase classname="Test.LogIn_TestDD_001" name="loginDDT" time="4.341"/>
  <system-out/>
  <testcase classname="Test.LogIn_TestDD_001" name="loginDDT" time="4.244"/>
  <system-out/>
</testsuite> <!-- Test.LogIn_TestDD_001 -->
