<?xml version="1.0" encoding="UTF-8"?>
<!-- Generated by org.testng.reporters.JUnitReportReporter -->
<testsuite hostname="binsonPc" failures="0" tests="1" name="Test.TC_04_Deposits" time="5.995" errors="0" timestamp="2021-05-04T16:21:46 EDT" skipped="0">
  <testcase classname="Test.TC_04_Deposits" name="addDeposit" time="5.995"/>
  <system-out/>
</testsuite> <!-- Test.TC_04_Deposits -->
