<?xml version="1.0" encoding="UTF-8"?>
<!-- Generated by org.testng.reporters.JUnitReportReporter -->
<testsuite hostname="binsonPc" failures="0" tests="4" name="Test.TC_03_LogIn_TestDD" time="17.890" errors="0" timestamp="2021-05-17T20:47:16 EDT" skipped="0">
  <testcase classname="Test.TC_03_LogIn_TestDD" name="loginDDT" time="4.297"/>
  <system-out/>
  <testcase classname="Test.TC_03_LogIn_TestDD" name="loginDDT" time="4.934"/>
  <system-out/>
  <testcase classname="Test.TC_03_LogIn_TestDD" name="loginDDT" time="4.356"/>
  <system-out/>
  <testcase classname="Test.TC_03_LogIn_TestDD" name="loginDDT" time="4.303"/>
  <system-out/>
</testsuite> <!-- Test.TC_03_LogIn_TestDD -->
