<?xml version="1.0" encoding="UTF-8"?>
<!-- Generated by org.testng.reporters.JUnitReportReporter -->
<testsuite hostname="binsonPc" failures="0" tests="1" name="Test.TC_05_Delete_Account_Test" time="1.535" errors="0" timestamp="2021-05-17T20:47:16 EDT" skipped="0">
  <testcase classname="Test.TC_05_Delete_Account_Test" name="delete_Accnt" time="1.535"/>
  <system-out/>
</testsuite> <!-- Test.TC_05_Delete_Account_Test -->
